<?xml version="1.0" encoding="UTF-8"?>
<!-- Generated by org.testng.reporters.JUnitReportReporter -->
<testsuite hostname="DESKTOP-TAUR7C6" failures="0" tests="4" name="Testcases.LoginTest" time="41.695" errors="0" timestamp="2022-03-19T18:34:51 NZDT" skipped="1">
  <testcase classname="Testcases.LoginTest" name="ExternalDataTest" time="15.388"/>
  <system-out/>
  <testcase classname="Testcases.LoginTest" name="LoginSuccessTest" time="13.284"/>
  <system-out/>
  <testcase classname="Testcases.LoginTest" name="LoginFailiureTest" time="13.023"/>
  <system-out/>
  <testcase classname="Testcases.LoginTest" name="ParameterizedTest">
    <skipped/>
  </testcase> <!-- ParameterizedTest -->
  <system-out/>
</testsuite> <!-- Testcases.LoginTest -->
