<?xml version="1.0" encoding="UTF-8"?>
<!-- Generated by org.testng.reporters.JUnitReportReporter -->
<testsuite hostname="DESKTOP-TAUR7C6" failures="0" tests="2" name="Testcases.LoginTest" time="12.246" errors="0" timestamp="2022-03-14T22:32:53 NZDT" skipped="1">
  <testcase classname="Testcases.LoginTest" name="LoginFailiureTest" time="12.246"/>
  <system-out/>
  <testcase classname="Testcases.LoginTest" name="ParameterizedTest">
    <skipped/>
  </testcase> <!-- ParameterizedTest -->
  <system-out/>
</testsuite> <!-- Testcases.LoginTest -->
